0 info it worked if it ends with ok
1 verbose cli [ '/usr/local/bin/node', '/usr/local/bin/npm', 'run', 'test' ]
2 info using npm@3.10.8
3 info using node@v6.4.0
4 verbose run-script [ 'pretest', 'test', 'posttest' ]
5 info lifecycle node-api@1.0.0~pretest: node-api@1.0.0
6 silly lifecycle node-api@1.0.0~pretest: no script for pretest, continuing
7 info lifecycle node-api@1.0.0~test: node-api@1.0.0
8 verbose lifecycle node-api@1.0.0~test: unsafe-perm in lifecycle true
9 verbose lifecycle node-api@1.0.0~test: PATH: /usr/local/lib/node_modules/.npm_npminstall/node_modules/.3.10.8@npm/bin/node-gyp-bin:/Users/stephenliu/Desktop/Learning-Directory/typescript-learning/node-api/node_modules/.bin:/usr/local/bin:/usr/bin:/bin:/usr/sbin:/sbin:/Users/StephenLiu/.cargo/bin:/usr/local/bin:/usr/bin:/bin:/usr/sbin:/sbin:/opt/X11/bin:/Library/Frameworks/Mono.framework/Versions/Current/Commands:/Library/TeX/texbin
10 verbose lifecycle node-api@1.0.0~test: CWD: /Users/stephenliu/Desktop/Learning-Directory/typescript-learning/node-api
11 silly lifecycle node-api@1.0.0~test: Args: [ '-c',
11 silly lifecycle   'mocha --reporter spec --compilers ts:ts-node/register \'test/**/*.test.ts\'' ]
12 silly lifecycle node-api@1.0.0~test: Returned: code: 1  signal: null
13 info lifecycle node-api@1.0.0~test: Failed to exec test script
14 verbose stack Error: node-api@1.0.0 test: `mocha --reporter spec --compilers ts:ts-node/register 'test/**/*.test.ts'`
14 verbose stack Exit status 1
14 verbose stack     at EventEmitter.<anonymous> (/usr/local/lib/node_modules/.npm_npminstall/node_modules/.3.10.8@npm/lib/utils/lifecycle.js:255:16)
14 verbose stack     at emitTwo (events.js:106:13)
14 verbose stack     at EventEmitter.emit (events.js:191:7)
14 verbose stack     at ChildProcess.<anonymous> (/usr/local/lib/node_modules/.npm_npminstall/node_modules/.3.10.8@npm/lib/utils/spawn.js:40:14)
14 verbose stack     at emitTwo (events.js:106:13)
14 verbose stack     at ChildProcess.emit (events.js:191:7)
14 verbose stack     at maybeClose (internal/child_process.js:852:16)
14 verbose stack     at Process.ChildProcess._handle.onexit (internal/child_process.js:215:5)
15 verbose pkgid node-api@1.0.0
16 verbose cwd /Users/stephenliu/Desktop/Learning-Directory/typescript-learning/node-api
17 error Darwin 15.6.0
18 error argv "/usr/local/bin/node" "/usr/local/bin/npm" "run" "test"
19 error node v6.4.0
20 error npm  v3.10.8
21 error code ELIFECYCLE
22 error node-api@1.0.0 test: `mocha --reporter spec --compilers ts:ts-node/register 'test/**/*.test.ts'`
22 error Exit status 1
23 error Failed at the node-api@1.0.0 test script 'mocha --reporter spec --compilers ts:ts-node/register 'test/**/*.test.ts''.
23 error Make sure you have the latest version of node.js and npm installed.
23 error If you do, this is most likely a problem with the node-api package,
23 error not with npm itself.
23 error Tell the author that this fails on your system:
23 error     mocha --reporter spec --compilers ts:ts-node/register 'test/**/*.test.ts'
23 error You can get information on how to open an issue for this project with:
23 error     npm bugs node-api
23 error Or if that isn't available, you can get their info via:
23 error     npm owner ls node-api
23 error There is likely additional logging output above.
24 verbose exit [ 1, true ]
